<?xml version="1.0" encoding="UTF-8"?>
<!-- Generated by org.testng.reporters.JUnitReportReporter -->
<testsuite hostname="LAXMI-PC" name="Testing.TestNGAno" tests="3" failures="0" timestamp="17 Feb 2020 19:11:58 GMT" time="0.019" errors="0">
  <testcase name="Sikha" time="0.010" classname="Testing.TestNGAno"/>
  <testcase name="Google" time="0.002" classname="Testing.TestNGAno"/>
  <testcase name="Chutki" time="0.007" classname="Testing.TestNGAno"/>
</testsuite> <!-- Testing.TestNGAno -->
