<?xml version="1.0" encoding="UTF-8"?>
<!-- Generated by org.testng.reporters.JUnitReportReporter -->
<testsuite hostname="LAXMI-PC" name="Testing.VerifyTitel" tests="1" failures="0" timestamp="16 Feb 2020 13:47:14 GMT" time="25.867" errors="0">
  <testcase name="verif" time="25.867" classname="Testing.VerifyTitel"/>
</testsuite> <!-- Testing.VerifyTitel -->
