<?xml version="1.0" encoding="UTF-8"?>
<!-- Generated by org.testng.reporters.JUnitReportReporter -->
<testsuite hostname="LAXMI-PC" name="Testing.pri" tests="6" failures="0" timestamp="16 Feb 2020 09:39:37 GMT" time="0.101" errors="0">
  <testcase name="sikha" time="0.002" classname="Testing.pri"/>
  <testcase name="sikha" time="0.008" classname="Testing.pri"/>
  <testcase name="chutki" time="0.001" classname="Testing.pri"/>
  <testcase name="google" time="0.088" classname="Testing.pri"/>
  <testcase name="chutki" time="0.001" classname="Testing.pri"/>
  <testcase name="chutki" time="0.001" classname="Testing.pri"/>
</testsuite> <!-- Testing.pri -->
